<?xml version="1.0" encoding="UTF-8"?>
<!-- Generated by org.testng.reporters.JUnitReportReporter -->
<testsuite hostname="DESKTOP-O9OR2BF" failures="0" tests="1" name="com.youtube.MainPage.TrendingVideo_MainPage" time="13.476" errors="0" timestamp="2023-06-24T13:25:13 IST" skipped="0">
  <testcase classname="com.youtube.MainPage.TrendingVideo_MainPage" name="getTrendingVideo" time="13.476"/>
  <system-out/>
</testsuite> <!-- com.youtube.MainPage.TrendingVideo_MainPage -->
