<?xml version="1.0" encoding="UTF-8"?>
<!-- Generated by org.testng.reporters.JUnitReportReporter -->
<testsuite hostname="DESKTOP-O9OR2BF" failures="0" tests="1" name="com.youtube.MainPage.LatestVideo_MainPage" time="8.657" errors="0" timestamp="2023-06-24T13:17:31 IST" skipped="0">
  <testcase classname="com.youtube.MainPage.LatestVideo_MainPage" name="latestVideo" time="8.657"/>
  <system-out/>
</testsuite> <!-- com.youtube.MainPage.LatestVideo_MainPage -->
